\BOOKMARK [0][-]{chapter.1}{\376\377\000I\000n\000t\000r\000o\000d\000u\000c\000t\000i\000o\000n\000\040\000a\000n\000d\000\040\000C\000o\000n\000c\000e\000p\000t\000\040\000D\000e\000s\000i\000g\000n}{}% 1
\BOOKMARK [1][-]{section.1.1}{\376\377\000O\000t\000h\000e\000r\000\040\000P\000o\000p\000u\000l\000a\000r\000\040\000T\000r\000a\000d\000i\000n\000g\000\040\000C\000a\000r\000d\000\040\000G\000a\000m\000e\000s}{chapter.1}% 2
\BOOKMARK [2][-]{subsection.1.1.1}{\376\377\000Y\000u\000-\000G\000i\000-\000O\000h}{section.1.1}% 3
\BOOKMARK [2][-]{subsection.1.1.2}{\376\377\000M\000a\000g\000i\000c\000\040\000T\000h\000e\000\040\000G\000a\000t\000h\000e\000r\000i\000n\000g}{section.1.1}% 4
\BOOKMARK [2][-]{subsection.1.1.3}{\376\377\000P\000o\000k\000e\000m\000o\000n}{section.1.1}% 5
\BOOKMARK [0][-]{chapter.2}{\376\377\000B\000a\000s\000i\000c\000\040\000R\000u\000l\000e\000s}{}% 6
\BOOKMARK [1][-]{section.2.1}{\376\377\000R\000e\000l\000e\000v\000a\000n\000t\000\040\000T\000e\000r\000m\000s\000\040\000a\000n\000d\000\040\000D\000e\000f\000i\000n\000i\000t\000i\000o\000n\000s}{chapter.2}% 7
\BOOKMARK [1][-]{section.2.2}{\376\377\000B\000a\000s\000i\000c\000\040\000R\000u\000l\000e\000s}{chapter.2}% 8
\BOOKMARK [2][-]{subsection.2.2.1}{\376\377\000D\000e\000c\000k\000\040\000C\000o\000n\000s\000t\000r\000u\000c\000t\000i\000o\000n}{section.2.2}% 9
\BOOKMARK [2][-]{subsection.2.2.2}{\376\377\000G\000a\000m\000e\000\040\000S\000t\000a\000r\000t}{section.2.2}% 10
\BOOKMARK [2][-]{subsection.2.2.3}{\376\377\000T\000u\000r\000n\000\040\000S\000t\000r\000u\000c\000t\000u\000r\000e}{section.2.2}% 11
\BOOKMARK [2][-]{subsection.2.2.4}{\376\377\000P\000l\000a\000y\000i\000n\000g\000\040\000C\000a\000r\000d\000s}{section.2.2}% 12
\BOOKMARK [2][-]{subsection.2.2.5}{\376\377\000C\000a\000r\000d\000\040\000E\000f\000f\000e\000c\000t\000s}{section.2.2}% 13
\BOOKMARK [2][-]{subsection.2.2.6}{\376\377\000L\000e\000v\000e\000l\000i\000n\000g\000\040\000U\000p}{section.2.2}% 14
\BOOKMARK [2][-]{subsection.2.2.7}{\376\377\000B\000a\000t\000t\000l\000e\000\040\000P\000h\000a\000s\000e}{section.2.2}% 15
\BOOKMARK [2][-]{subsection.2.2.8}{\376\377\000G\000a\000i\000n\000i\000n\000g\000\040\000P\000o\000i\000n\000t\000s}{section.2.2}% 16
\BOOKMARK [2][-]{subsection.2.2.9}{\376\377\000F\000i\000e\000l\000d\000\040\000L\000i\000m\000i\000t\000a\000t\000i\000o\000n\000s}{section.2.2}% 17
\BOOKMARK [2][-]{subsection.2.2.10}{\376\377\000H\000a\000n\000d\000\040\000S\000i\000z\000e\000\040\000L\000i\000m\000i\000t}{section.2.2}% 18
\BOOKMARK [2][-]{subsection.2.2.11}{\376\377\000D\000e\000c\000k\000\040\000E\000x\000h\000a\000u\000s\000t\000i\000o\000n\000\040\000R\000u\000l\000e}{section.2.2}% 19
\BOOKMARK [0][-]{chapter.3}{\376\377\000L\000o\000g\000i\000s\000t\000i\000c\000s}{}% 20
\BOOKMARK [1][-]{section.3.1}{\376\377\000C\000a\000r\000d\000\040\000T\000y\000p\000e\000s}{chapter.3}% 21
\BOOKMARK [2][-]{subsection.3.1.1}{\376\377\000U\000n\000i\000t\000\040\000C\000a\000r\000d\000s}{section.3.1}% 22
\BOOKMARK [2][-]{subsection.3.1.2}{\376\377\000S\000p\000e\000l\000l\000\040\000C\000a\000r\000d\000s}{section.3.1}% 23
\BOOKMARK [1][-]{section.3.2}{\376\377\000E\000f\000f\000e\000c\000t\000\040\000V\000a\000r\000i\000a\000t\000i\000o\000n\000s}{chapter.3}% 24
\BOOKMARK [2][-]{subsection.3.2.1}{\376\377\000U\000n\000i\000t\000\040\000E\000f\000f\000e\000c\000t\000\040\000V\000a\000r\000i\000a\000t\000i\000o\000n\000s}{section.3.2}% 25
\BOOKMARK [2][-]{subsection.3.2.2}{\376\377\000S\000p\000e\000l\000l\000\040\000E\000f\000f\000e\000c\000t\000\040\000V\000a\000r\000i\000a\000t\000i\000o\000n\000s}{section.3.2}% 26
\BOOKMARK [2][-]{subsection.3.2.3}{\376\377\000E\000f\000f\000e\000c\000t\000\040\000C\000o\000n\000d\000i\000t\000i\000o\000n\000s}{section.3.2}% 27
\BOOKMARK [2][-]{subsection.3.2.4}{\376\377\000E\000f\000f\000e\000c\000t\000\040\000T\000a\000r\000g\000e\000t\000s}{section.3.2}% 28
\BOOKMARK [2][-]{subsection.3.2.5}{\376\377\000E\000f\000f\000e\000c\000t\000\040\000A\000c\000t\000i\000o\000n\000s}{section.3.2}% 29
\BOOKMARK [1][-]{section.3.3}{\376\377\000C\000r\000e\000a\000t\000e\000\040\000E\000f\000f\000e\000c\000t\000\040\000C\000o\000m\000b\000i\000n\000a\000t\000i\000o\000n\000s}{chapter.3}% 30
\BOOKMARK [2][-]{subsection.3.3.1}{\376\377\000O\000v\000e\000r\000v\000i\000e\000w}{section.3.3}% 31
\BOOKMARK [2][-]{subsection.3.3.2}{\376\377\000P\000u\000r\000p\000o\000s\000e}{section.3.3}% 32
\BOOKMARK [2][-]{subsection.3.3.3}{\376\377\000F\000e\000a\000t\000u\000r\000e\000s}{section.3.3}% 33
\BOOKMARK [2][-]{subsection.3.3.4}{\376\377\000C\000o\000n\000f\000i\000g\000u\000r\000a\000t\000i\000o\000n\000\040\000F\000i\000l\000e\000s}{section.3.3}% 34
\BOOKMARK [2][-]{subsection.3.3.5}{\376\377\000U\000s\000a\000g\000e}{section.3.3}% 35
\BOOKMARK [2][-]{subsection.3.3.6}{\376\377\000E\000x\000a\000m\000p\000l\000e}{section.3.3}% 36
\BOOKMARK [2][-]{subsection.3.3.7}{\376\377\000R\000e\000q\000u\000i\000r\000e\000m\000e\000n\000t\000s}{section.3.3}% 37
\BOOKMARK [2][-]{subsection.3.3.8}{\376\377\000L\000i\000m\000i\000t\000a\000t\000i\000o\000n\000s}{section.3.3}% 38
\BOOKMARK [1][-]{section.3.4}{\376\377\000A\000d\000d\000\040\000C\000S\000V\000\040\000F\000i\000e\000l\000d}{chapter.3}% 39
\BOOKMARK [2][-]{subsection.3.4.1}{\376\377\000O\000v\000e\000r\000v\000i\000e\000w}{section.3.4}% 40
\BOOKMARK [2][-]{subsection.3.4.2}{\376\377\000P\000u\000r\000p\000o\000s\000e}{section.3.4}% 41
\BOOKMARK [2][-]{subsection.3.4.3}{\376\377\000F\000e\000a\000t\000u\000r\000e\000s}{section.3.4}% 42
\BOOKMARK [2][-]{subsection.3.4.4}{\376\377\000U\000s\000a\000g\000e}{section.3.4}% 43
\BOOKMARK [2][-]{subsection.3.4.5}{\376\377\000E\000x\000a\000m\000p\000l\000e}{section.3.4}% 44
\BOOKMARK [2][-]{subsection.3.4.6}{\376\377\000R\000e\000q\000u\000i\000r\000e\000m\000e\000n\000t\000s}{section.3.4}% 45
\BOOKMARK [2][-]{subsection.3.4.7}{\376\377\000L\000i\000m\000i\000t\000a\000t\000i\000o\000n\000s}{section.3.4}% 46
\BOOKMARK [1][-]{section.3.5}{\376\377\000A\000l\000p\000h\000a\000b\000e\000t\000i\000z\000e\000\040\000F\000i\000l\000e}{chapter.3}% 47
\BOOKMARK [2][-]{subsection.3.5.1}{\376\377\000O\000v\000e\000r\000v\000i\000e\000w}{section.3.5}% 48
\BOOKMARK [2][-]{subsection.3.5.2}{\376\377\000P\000u\000r\000p\000o\000s\000e}{section.3.5}% 49
\BOOKMARK [2][-]{subsection.3.5.3}{\376\377\000F\000e\000a\000t\000u\000r\000e\000s}{section.3.5}% 50
\BOOKMARK [2][-]{subsection.3.5.4}{\376\377\000U\000s\000a\000g\000e}{section.3.5}% 51
\BOOKMARK [2][-]{subsection.3.5.5}{\376\377\000E\000x\000a\000m\000p\000l\000e}{section.3.5}% 52
\BOOKMARK [2][-]{subsection.3.5.6}{\376\377\000R\000e\000q\000u\000i\000r\000e\000m\000e\000n\000t\000s}{section.3.5}% 53
\BOOKMARK [2][-]{subsection.3.5.7}{\376\377\000L\000i\000m\000i\000t\000a\000t\000i\000o\000n\000s}{section.3.5}% 54
\BOOKMARK [1][-]{section.3.6}{\376\377\000G\000e\000n\000e\000r\000a\000t\000e\000\040\000a\000n\000d\000\040\000O\000r\000d\000e\000r\000\040\000E\000f\000f\000e\000c\000t\000s}{chapter.3}% 55
\BOOKMARK [2][-]{subsection.3.6.1}{\376\377\000O\000v\000e\000r\000v\000i\000e\000w}{section.3.6}% 56
\BOOKMARK [2][-]{subsection.3.6.2}{\376\377\000P\000u\000r\000p\000o\000s\000e}{section.3.6}% 57
\BOOKMARK [2][-]{subsection.3.6.3}{\376\377\000F\000e\000a\000t\000u\000r\000e\000s}{section.3.6}% 58
\BOOKMARK [2][-]{subsection.3.6.4}{\376\377\000U\000s\000a\000g\000e}{section.3.6}% 59
\BOOKMARK [2][-]{subsection.3.6.5}{\376\377\000R\000e\000q\000u\000i\000r\000e\000m\000e\000n\000t\000s}{section.3.6}% 60
\BOOKMARK [2][-]{subsection.3.6.6}{\376\377\000L\000i\000m\000i\000t\000a\000t\000i\000o\000n\000s}{section.3.6}% 61
